<?xml version="1.0" encoding="UTF-8"?>
<!-- Generated by org.testng.reporters.JUnitXMLReporter -->
<testsuite hostname="Smit" ignored="0" name="Default test" tests="5" failures="0" timestamp="25 Mar 2018 16:03:45 GMT" time="8.632" errors="0">
  <testcase name="getEmployees" time="3.916" classname="MavenFramework.GetRequest"/>
  <testcase name="oneEmployee" time="0.695" classname="MavenFramework.GetRequestOne"/>
  <testcase name="postEmployee" time="0.727" classname="MavenFramework.PostRequest"/>
  <testcase name="postEmployee" time="2.014" classname="MavenFramework.PutRequest"/>
  <testcase name="deleteEmployee" time="1.147" classname="MavenFramework.DeleteRequest"/>
</testsuite> <!-- Default test -->
