<?xml version="1.0" encoding="UTF-8"?>
<testng-results skipped="0" failed="0" ignored="0" total="5" passed="5">
  <reporter-output>
  </reporter-output>
  <suite name="SuiteSeekers" duration-ms="9902" started-at="2018-03-14T10:16:21Z" finished-at="2018-03-14T10:16:31Z">
    <groups>
    </groups>
    <test name="TestSeekers" duration-ms="9902" started-at="2018-03-14T10:16:21Z" finished-at="2018-03-14T10:16:31Z">
      <class name="MavenFramework.GetRequest">
        <test-method status="PASS" signature="getEmployees()[pri:0, instance:MavenFramework.GetRequest@53b32d7]" name="getEmployees" duration-ms="2685" started-at="2018-03-14T10:16:21Z" finished-at="2018-03-14T10:16:23Z">
          <reporter-output>
          </reporter-output>
        </test-method> <!-- getEmployees -->
      </class> <!-- MavenFramework.GetRequest -->
      <class name="MavenFramework.GetRequestOne">
        <test-method status="PASS" signature="oneEmployee()[pri:0, instance:MavenFramework.GetRequestOne@5442a311]" name="oneEmployee" duration-ms="869" started-at="2018-03-14T10:16:23Z" finished-at="2018-03-14T10:16:24Z">
          <reporter-output>
          </reporter-output>
        </test-method> <!-- oneEmployee -->
      </class> <!-- MavenFramework.GetRequestOne -->
      <class name="MavenFramework.PostRequest">
        <test-method status="PASS" signature="postEmployee()[pri:0, instance:MavenFramework.PostRequest@548e7350]" name="postEmployee" duration-ms="795" started-at="2018-03-14T10:16:24Z" finished-at="2018-03-14T10:16:25Z">
          <reporter-output>
          </reporter-output>
        </test-method> <!-- postEmployee -->
      </class> <!-- MavenFramework.PostRequest -->
      <class name="MavenFramework.PutRequest">
        <test-method status="PASS" signature="postEmployee()[pri:0, instance:MavenFramework.PutRequest@1a968a59]" name="postEmployee" duration-ms="3866" started-at="2018-03-14T10:16:25Z" finished-at="2018-03-14T10:16:29Z">
          <reporter-output>
          </reporter-output>
        </test-method> <!-- postEmployee -->
      </class> <!-- MavenFramework.PutRequest -->
      <class name="MavenFramework.DeleteRequest">
        <test-method status="PASS" signature="getProperties()[pri:0, instance:MavenFramework.DeleteRequest@4667ae56]" name="getProperties" is-config="true" duration-ms="17" started-at="2018-03-14T10:16:21Z" finished-at="2018-03-14T10:16:21Z">
          <reporter-output>
          </reporter-output>
        </test-method> <!-- getProperties -->
        <test-method status="PASS" signature="getProperties()[pri:0, instance:MavenFramework.GetRequest@53b32d7]" name="getProperties" is-config="true" duration-ms="1" started-at="2018-03-14T10:16:21Z" finished-at="2018-03-14T10:16:21Z">
          <reporter-output>
          </reporter-output>
        </test-method> <!-- getProperties -->
        <test-method status="PASS" signature="getProperties()[pri:0, instance:MavenFramework.GetRequestOne@5442a311]" name="getProperties" is-config="true" duration-ms="0" started-at="2018-03-14T10:16:21Z" finished-at="2018-03-14T10:16:21Z">
          <reporter-output>
          </reporter-output>
        </test-method> <!-- getProperties -->
        <test-method status="PASS" signature="getProperties()[pri:0, instance:MavenFramework.PostRequest@548e7350]" name="getProperties" is-config="true" duration-ms="1" started-at="2018-03-14T10:16:21Z" finished-at="2018-03-14T10:16:21Z">
          <reporter-output>
          </reporter-output>
        </test-method> <!-- getProperties -->
        <test-method status="PASS" signature="getProperties()[pri:0, instance:MavenFramework.PutRequest@1a968a59]" name="getProperties" is-config="true" duration-ms="0" started-at="2018-03-14T10:16:21Z" finished-at="2018-03-14T10:16:21Z">
          <reporter-output>
          </reporter-output>
        </test-method> <!-- getProperties -->
        <test-method status="PASS" signature="deleteEmployee()[pri:0, instance:MavenFramework.DeleteRequest@4667ae56]" name="deleteEmployee" duration-ms="1598" started-at="2018-03-14T10:16:29Z" finished-at="2018-03-14T10:16:31Z">
          <reporter-output>
          </reporter-output>
        </test-method> <!-- deleteEmployee -->
      </class> <!-- MavenFramework.DeleteRequest -->
    </test> <!-- TestSeekers -->
  </suite> <!-- SuiteSeekers -->
</testng-results>
