<?xml version="1.0" encoding="UTF-8"?>
<!-- Generated by org.testng.reporters.JUnitXMLReporter -->
<testsuite hostname="Smit" ignored="0" name="TestSeekers" tests="5" failures="0" timestamp="14 Mar 2018 10:16:31 GMT" time="9.902" errors="0">
  <testcase name="getEmployees" time="2.685" classname="MavenFramework.GetRequest"/>
  <testcase name="oneEmployee" time="0.869" classname="MavenFramework.GetRequestOne"/>
  <testcase name="postEmployee" time="0.795" classname="MavenFramework.PostRequest"/>
  <testcase name="postEmployee" time="3.866" classname="MavenFramework.PutRequest"/>
  <testcase name="deleteEmployee" time="1.598" classname="MavenFramework.DeleteRequest"/>
</testsuite> <!-- TestSeekers -->
